<?xml version="1.0" encoding="UTF-8"?>
<!-- Generated by org.testng.reporters.JUnitReportReporter -->
<testsuite hostname="DESKTOP-NM5UU82" failures="0" tests="1" name="com.tastyNibbles.testrunner.AddingDifferentsItemsNG" time="73.982" errors="1" timestamp="2025-03-23T19:01:39 IST" skipped="0">
  <testcase classname="com.tastyNibbles.testrunner.AddingDifferentsItemsNG" name="runScenario" time="73.982">
    <error message="Error in verifying cart: Expected condition failed: waiting for visibility of element located by By.xpath: //div[@class=&quot;cart__items&quot;] (tried for 10 second(s) with 500 milliseconds interval)
Build info: version: &#039;4.29.0&#039;, revision: &#039;5fc1ec94cb&#039;
System info: os.name: &#039;Windows 10&#039;, os.arch: &#039;amd64&#039;, os.version: &#039;10.0&#039;, java.version: &#039;21.0.6&#039;
Driver info: org.openqa.selenium.chrome.ChromeDriver
Capabilities {acceptInsecureCerts: false, browserName: chrome, browserVersion: 134.0.6998.118, chrome: {chromedriverVersion: 134.0.6998.165 (fd886e2cb29..., userDataDir: C:\Users\hi\AppData\Local\T...}, fedcm:accounts: true, goog:chromeOptions: {debuggerAddress: localhost:65192}, networkConnectionEnabled: false, pageLoadStrategy: normal, platformName: windows, proxy: Proxy(), se:cdp: ws://localhost:65192/devtoo..., se:cdpVersion: 134.0.6998.118, setWindowRect: true, strictFileInteractability: false, timeouts: {implicit: 0, pageLoad: 300000, script: 30000}, unhandledPromptBehavior: dismiss and notify, webauthn:extension:credBlob: true, webauthn:extension:largeBlob: true, webauthn:extension:minPinLength: true, webauthn:extension:prf: true, webauthn:virtualAuthenticators: true}
Session ID: c95f469eae627d0b9d46ade3db2c80d6" type="com.tasteNibbles.CustomizedExceptions.CustomizedExceptions">
      <![CDATA[com.tasteNibbles.CustomizedExceptions.CustomizedExceptions: Error in verifying cart: Expected condition failed: waiting for visibility of element located by By.xpath: //div[@class="cart__items"] (tried for 10 second(s) with 500 milliseconds interval)
Build info: version: '4.29.0', revision: '5fc1ec94cb'
System info: os.name: 'Windows 10', os.arch: 'amd64', os.version: '10.0', java.version: '21.0.6'
Driver info: org.openqa.selenium.chrome.ChromeDriver
Capabilities {acceptInsecureCerts: false, browserName: chrome, browserVersion: 134.0.6998.118, chrome: {chromedriverVersion: 134.0.6998.165 (fd886e2cb29..., userDataDir: C:\Users\hi\AppData\Local\T...}, fedcm:accounts: true, goog:chromeOptions: {debuggerAddress: localhost:65192}, networkConnectionEnabled: false, pageLoadStrategy: normal, platformName: windows, proxy: Proxy(), se:cdp: ws://localhost:65192/devtoo..., se:cdpVersion: 134.0.6998.118, setWindowRect: true, strictFileInteractability: false, timeouts: {implicit: 0, pageLoad: 300000, script: 30000}, unhandledPromptBehavior: dismiss and notify, webauthn:extension:credBlob: true, webauthn:extension:largeBlob: true, webauthn:extension:minPinLength: true, webauthn:extension:prf: true, webauthn:virtualAuthenticators: true}
Session ID: c95f469eae627d0b9d46ade3db2c80d6
at com.tastyNibbles.pages.SearchPage.verifyCart(SearchPage.java:108)
at com.tastyNibbles.stepDefinition.AddingDifferentItemsSteps.user_verifies_the_products_and_total_price_in_the_cart(AddingDifferentItemsSteps.java:64)
at ✽.User Verifies the products and total price in the cart(file:///C:/Users/hi/eclipse-workspace/TastyNibblesProjects/src/test/resources/com.TastyNibbles.feature/AddingDifferentItems.feature:12)
]]>
    </error>
  </testcase> <!-- runScenario -->
</testsuite> <!-- com.tastyNibbles.testrunner.AddingDifferentsItemsNG -->
