<?xml version="1.0" encoding="UTF-8"?>
<testng-results ignored="0" total="2" passed="2" failed="0" skipped="0">
  <reporter-output>
  </reporter-output>
  <suite started-at="2025-03-26T09:15:19 IST" name="Default suite" finished-at="2025-03-26T09:16:25 IST" duration-ms="65670">
    <groups>
      <group name="cucumber">
        <method signature="AbstractTestNGCucumberTests.runScenario(io.cucumber.testng.PickleWrapper,io.cucumber.testng.FeatureWrapper)[pri:0, instance:com.tastyNibbles.testrunner.RegistrationNG@4149c063]" name="runScenario" class="io.cucumber.testng.AbstractTestNGCucumberTests"/>
      </group> <!-- cucumber -->
    </groups>
    <test started-at="2025-03-26T09:15:19 IST" name="Default test" finished-at="2025-03-26T09:16:25 IST" duration-ms="65670">
      <class name="com.tastyNibbles.testrunner.RegistrationNG">
        <test-method is-config="true" signature="setUpClass(org.testng.ITestContext)[pri:0, instance:com.tastyNibbles.testrunner.RegistrationNG@4149c063]" started-at="2025-03-26T09:15:19 IST" name="setUpClass" finished-at="2025-03-26T09:15:20 IST" duration-ms="1218" status="PASS">
          <params>
            <param index="0">
              <value>
                <![CDATA[org.testng.TestRunner@5c59a0f7]]>
              </value>
            </param>
          </params>
          <reporter-output>
          </reporter-output>
        </test-method> <!-- setUpClass -->
        <test-method signature="runScenario(io.cucumber.testng.PickleWrapper,io.cucumber.testng.FeatureWrapper)[pri:0, instance:com.tastyNibbles.testrunner.RegistrationNG@4149c063]" started-at="2025-03-26T09:15:20 IST" name="runScenario" description="Runs Cucumber Scenarios" data-provider="scenarios" finished-at="2025-03-26T09:15:50 IST" duration-ms="29807" status="PASS">
          <params>
            <param index="0">
              <value>
                <![CDATA["User Registration with Invalid Data"]]>
              </value>
            </param>
            <param index="1">
              <value>
                <![CDATA["User Registration"]]>
              </value>
            </param>
          </params>
          <reporter-output>
          </reporter-output>
        </test-method> <!-- runScenario -->
        <test-method signature="runScenario(io.cucumber.testng.PickleWrapper,io.cucumber.testng.FeatureWrapper)[pri:0, instance:com.tastyNibbles.testrunner.RegistrationNG@4149c063]" started-at="2025-03-26T09:15:50 IST" name="runScenario" description="Runs Cucumber Scenarios" data-provider="scenarios" finished-at="2025-03-26T09:16:25 IST" duration-ms="34412" status="PASS">
          <params>
            <param index="0">
              <value>
                <![CDATA["User Registration with Valid Data"]]>
              </value>
            </param>
            <param index="1">
              <value>
                <![CDATA["User Registration"]]>
              </value>
            </param>
          </params>
          <reporter-output>
          </reporter-output>
        </test-method> <!-- runScenario -->
        <test-method is-config="true" signature="tearDownClass()[pri:0, instance:com.tastyNibbles.testrunner.RegistrationNG@4149c063]" started-at="2025-03-26T09:16:25 IST" name="tearDownClass" finished-at="2025-03-26T09:16:25 IST" duration-ms="36" status="PASS">
          <reporter-output>
          </reporter-output>
        </test-method> <!-- tearDownClass -->
      </class> <!-- com.tastyNibbles.testrunner.RegistrationNG -->
    </test> <!-- Default test -->
  </suite> <!-- Default suite -->
</testng-results>
